<?xml version="1.0" encoding="UTF-8"?>
<!-- Generated by org.testng.reporters.JUnitReportReporter -->
<testsuite hostname="Raheja" failures="0" tests="1" name="GitPractice_July12.PracticeSessionOne_July12Test" time="0.009" errors="0" timestamp="2024-07-12T00:07:35 EDT" skipped="0">
  <testcase classname="GitPractice_July12.PracticeSessionOne_July12Test" name="methodOne" time="0.009"/>
  <system-out/>
</testsuite> <!-- GitPractice_July12.PracticeSessionOne_July12Test -->
